<?xml version="1.0" encoding="UTF-8"?>
<!-- Generated by org.testng.reporters.JUnitReportReporter -->
<testsuite hostname="Kailas" failures="0" tests="1" name="testngexample.TestngExample" time="0.016" errors="0" timestamp="2023-03-10T00:10:51 IST" skipped="0">
  <testcase classname="testngexample.TestngExample" name="Substract" time="0.016"/>
  <system-out/>
</testsuite> <!-- testngexample.TestngExample -->
