<?xml version="1.0" encoding="UTF-8"?>
<!-- Generated by org.testng.reporters.JUnitReportReporter -->
<testsuite hostname="Kailas" failures="0" tests="1" name="testngexample.testngfirst" time="0.015" errors="0" timestamp="2023-03-08T19:26:01 IST" skipped="0">
  <testcase classname="testngexample.testngfirst" name="Devide" time="0.015"/>
  <system-out/>
</testsuite> <!-- testngexample.testngfirst -->
