<?xml version="1.0" encoding="UTF-8"?>
<!-- Generated by org.testng.reporters.JUnitReportReporter -->
<testsuite hostname="Kailas" failures="0" tests="3" name="testngexample.LoginTest" time="34.571" errors="0" timestamp="2023-03-10T11:32:08 IST" skipped="0">
  <testcase classname="testngexample.LoginTest" name="addEmp" time="0.049"/>
  <system-out/>
  <testcase classname="testngexample.LoginTest" name="beforeMethod" time="34.521"/>
  <system-out/>
  <testcase classname="testngexample.LoginTest" name="verifyEmp" time="0.001"/>
  <system-out/>
</testsuite> <!-- testngexample.LoginTest -->
