<?xml version="1.0" encoding="UTF-8"?>
<!-- Generated by org.testng.reporters.JUnitReportReporter -->
<testsuite hostname="Kailas" failures="0" tests="5" name="testngexample.ParallelClass" time="0.022" errors="0" timestamp="2023-03-16T08:44:02 IST" skipped="0">
  <testcase classname="testngexample.ParallelClass" name="Test1" time="0.016"/>
  <system-out/>
  <testcase classname="testngexample.ParallelClass" name="test3" time="0.001"/>
  <system-out/>
  <testcase classname="testngexample.ParallelClass" name="test5" time="0.002"/>
  <system-out/>
  <testcase classname="testngexample.ParallelClass" name="test4" time="0.001"/>
  <system-out/>
  <testcase classname="testngexample.ParallelClass" name="test2" time="0.002"/>
  <system-out/>
</testsuite> <!-- testngexample.ParallelClass -->
